D:\geckodriver.exe: error: Found argument '--websocket-port' which wasn't expected, or isn't valid in this context

USAGE:
    geckodriver.exe [FLAGS] [OPTIONS]

For more information try --help

1654227991462	geckodriver	INFO	Listening on 127.0.0.1:55140
1654227994724	mozrunner::runner	INFO	Running command: "C:\\Program Files\\Mozilla Firefox\\firefox.exe" "--marionette" "--remote-debugging-port" "55141" "--remote-allow-hosts" "localhost" "-no-remote" "-profile" "C:\\Users\\AJAY\'S~1\\AppData\\Local\\Temp\\rust_mozprofilezqAMhP"
1654227995283	Marionette	INFO	Marionette enabled
WebDriver BiDi listening on ws://localhost:55141
console.warn: SearchSettings: "get: No settings file exists, new profile?" (new NotFoundError("Could not open the file at C:\\Users\\AJAY'S~1\\AppData\\Local\\Temp\\rust_mozprofilezqAMhP\\search.json.mozlz4", (void 0)))
1654227997217	Marionette	INFO	Listening on port 55168
DevTools listening on ws://localhost:55141/devtools/browser/8ad00857-1f45-4f75-acb9-9e04a14059e0
Read port: 55168
1654227997265	RemoteAgent	WARN	TLS certificate errors will be ignored for this session
console.error: services.settings: 
  main/query-stripping Signature failed  InvalidSignatureError: Invalid content signature (main/query-stripping)
console.error: services.settings: 
  main/query-stripping local data was corrupted
console.warn: services.settings: main/query-stripping Signature verified failed. Retry from scratch
console.error: services.settings: 
  main/query-stripping Signature failed again InvalidSignatureError: Invalid content signature (main/query-stripping)
1654228031767	Marionette	INFO	Stopped listening on port 55168
console.warn: TopSitesFeed: Failed to fetch data from Contile server: NetworkError when attempting to fetch resource.
